app/build/intermediates/manifest_merge_blame_file/debug/manifest-merger-blame-debug-report.txt
1<?xml version="1.0" encoding="utf-8"?>
2<manifest xmlns:android="http://schemas.android.com/apk/res/android"
3    package="com.example.myfirstapp"
4    android:versionCode="1"
5    android:versionName="1.0" >
6
7    <uses-sdk
8        android:minSdkVersion="22"
8-->src\main\AndroidManifest.xml
9        android:targetSdkVersion="32" />
9-->src\main\AndroidManifest.xml
10
11    <application
11-->src\main\AndroidManifest.xml:5:5-30:19
12        android:allowBackup="true"
12-->src\main\AndroidManifest.xml:6:9-35
13        android:appComponentFactory="androidx.core.app.CoreComponentFactory"
13-->[androidx.core:core:1.1.0-alpha05] AndroidManifest.xml:22:18-86
14        android:dataExtractionRules="@xml/data_extraction_rules"
14-->src\main\AndroidManifest.xml:7:9-65
15        android:debuggable="true"
16        android:fullBackupContent="@xml/backup_rules"
16-->src\main\AndroidManifest.xml:8:9-54
17        android:icon="@mipmap/ic_launcher"
17-->src\main\AndroidManifest.xml:9:9-43
18        android:label="@string/app_name"
18-->src\main\AndroidManifest.xml:10:9-41
19        android:roundIcon="@mipmap/ic_launcher_round"
19-->src\main\AndroidManifest.xml:11:9-54
20        android:supportsRtl="true"
20-->src\main\AndroidManifest.xml:12:9-35
21        android:testOnly="true"
22        android:theme="@style/Theme.MyFirstApp" >
22-->src\main\AndroidManifest.xml:13:9-48
23        <activity
23-->src\main\AndroidManifest.xml:15:9-29:20
24            android:name="com.example.myfirstapp.MainActivity"
24-->src\main\AndroidManifest.xml:16:13-41
25            android:exported="true"
25-->src\main\AndroidManifest.xml:17:13-36
26            android:label="@string/app_name"
26-->src\main\AndroidManifest.xml:18:13-45
27            android:theme="@style/Theme.MyFirstApp.NoActionBar" >
27-->src\main\AndroidManifest.xml:19:13-64
28            <intent-filter>
28-->src\main\AndroidManifest.xml:20:13-24:29
29                <action android:name="android.intent.action.MAIN" />
29-->src\main\AndroidManifest.xml:21:17-69
29-->src\main\AndroidManifest.xml:21:25-66
30
31                <category android:name="android.intent.category.LAUNCHER" />
31-->src\main\AndroidManifest.xml:23:17-77
31-->src\main\AndroidManifest.xml:23:27-74
32            </intent-filter>
33
34            <meta-data
34-->src\main\AndroidManifest.xml:26:13-28:36
35                android:name="android.app.lib_name"
35-->src\main\AndroidManifest.xml:27:17-52
36                android:value="" />
36-->src\main\AndroidManifest.xml:28:17-33
37        </activity>
38    </application>
39
40</manifest>